<?xml version="1.0" encoding="UTF-8"?>
<!-- Generated by org.testng.reporters.JUnitReportReporter -->
<testsuite hostname="CHETAN" failures="0" tests="2" name="com.Tricentis.TestCases.VehicleDataTest" time="40.666" errors="0" timestamp="2024-05-10T14:50:02 IST" skipped="0">
  <testcase classname="com.Tricentis.TestCases.VehicleDataTest" name="setVehicleData" time="39.169"/>
  <testcase classname="com.Tricentis.TestCases.VehicleDataTest" name="setInsurantData" time="1.497"/>
</testsuite> <!-- com.Tricentis.TestCases.VehicleDataTest -->
