<?xml version="1.0" encoding="UTF-8"?>
<!-- Generated by org.testng.reporters.JUnitReportReporter -->
<testsuite hostname="CHETAN" failures="0" tests="2" name="com.Tricentis.TestCases.VehicleDataTest" time="10.453" errors="0" timestamp="2024-05-10T16:06:41 IST" skipped="0">
  <testcase classname="com.Tricentis.TestCases.VehicleDataTest" name="setVehicleData" time="8.370"/>
  <testcase classname="com.Tricentis.TestCases.VehicleDataTest" name="setInsurantData" time="2.083"/>
</testsuite> <!-- com.Tricentis.TestCases.VehicleDataTest -->
