<?xml version="1.0" encoding="UTF-8"?>
<!-- Generated by org.testng.reporters.JUnitReportReporter -->
<testsuite hostname="CHETAN" failures="0" tests="2" name="com.Tricentis.TestCases.VehicleDataTest" time="15.399" errors="0" timestamp="2024-05-21T15:52:30 IST" skipped="0">
  <testcase classname="com.Tricentis.TestCases.VehicleDataTest" name="setVehicleData" time="13.179"/>
  <testcase classname="com.Tricentis.TestCases.VehicleDataTest" name="setInsurantData" time="2.220"/>
</testsuite> <!-- com.Tricentis.TestCases.VehicleDataTest -->
